"2021-03-10 13:29:50 INFO  s.t.R.RestApiProjectApplication - Starting RestApiProjectApplication using Java 11.0.10 on DESKTOP-F4UDU2U with PID 16348 (C:\Users\Stefan\Desktop\Project\Rest-API-Project\Rest-API-Project\target\classes started by Stefan in C:\Users\Stefan\Desktop\Project\Rest-API-Project\Rest-API-Project)
""2021-03-10 13:29:50 INFO  s.t.R.RestApiProjectApplication - No active profile set, falling back to default profiles: default
""2021-03-10 13:29:51 INFO  o.s.d.r.c.RepositoryConfigurationDelegate - Bootstrapping Spring Data JPA repositories in DEFAULT mode.
""2021-03-10 13:29:51 INFO  o.s.d.r.c.RepositoryConfigurationDelegate - Finished Spring Data repository scanning in 53 ms. Found 3 JPA repository interfaces.
""2021-03-10 13:29:52 INFO  o.s.b.w.e.tomcat.TomcatWebServer - Tomcat initialized with port(s): 8080 (http)
""2021-03-10 13:29:52 INFO  o.a.catalina.core.StandardService - Starting service [Tomcat]
""2021-03-10 13:29:52 INFO  o.a.catalina.core.StandardEngine - Starting Servlet engine: [Apache Tomcat/9.0.43]
""2021-03-10 13:29:52 INFO  o.a.c.c.C.[Tomcat].[localhost].[/] - Initializing Spring embedded WebApplicationContext
""2021-03-10 13:29:52 INFO  o.s.b.w.s.c.ServletWebServerApplicationContext - Root WebApplicationContext: initialization completed in 1712 ms
""2021-03-10 13:29:52 INFO  o.h.jpa.internal.util.LogHelper - HHH000204: Processing PersistenceUnitInfo [
	name: default
	...]
""2021-03-10 13:29:52 INFO  org.hibernate.Version - HHH000412: Hibernate Core {5.4.0.Final}
""2021-03-10 13:29:52 INFO  org.hibernate.cfg.Environment - HHH000206: hibernate.properties not found
""2021-03-10 13:29:52 INFO  o.h.annotations.common.Version - HCANN000001: Hibernate Commons Annotations {5.1.0.Final}
""2021-03-10 13:29:52 INFO  com.zaxxer.hikari.HikariDataSource - HikariPool-1 - Starting...
""2021-03-10 13:29:53 INFO  com.zaxxer.hikari.HikariDataSource - HikariPool-1 - Start completed.
""2021-03-10 13:29:53 INFO  org.hibernate.dialect.Dialect - HHH000400: Using dialect: org.hibernate.dialect.MySQL5Dialect
""2021-03-10 13:29:54 INFO  o.h.e.t.j.p.i.JtaPlatformInitiator - HHH000490: Using JtaPlatform implementation: [org.hibernate.engine.transaction.jta.platform.internal.NoJtaPlatform]
""2021-03-10 13:29:54 INFO  o.s.o.j.LocalContainerEntityManagerFactoryBean - Initialized JPA EntityManagerFactory for persistence unit 'default'
""2021-03-10 13:29:54 WARN  o.s.b.a.o.j.JpaBaseConfiguration$JpaWebConfiguration - spring.jpa.open-in-view is enabled by default. Therefore, database queries may be performed during view rendering. Explicitly configure spring.jpa.open-in-view to disable this warning
""2021-03-10 13:29:54 INFO  o.s.s.c.ThreadPoolTaskExecutor - Initializing ExecutorService 'applicationTaskExecutor'
""2021-03-10 13:29:54 INFO  o.s.b.w.e.tomcat.TomcatWebServer - Tomcat started on port(s): 8080 (http) with context path ''
""2021-03-10 13:29:54 INFO  s.t.R.RestApiProjectApplication - Started RestApiProjectApplication in 4.423 seconds (JVM running for 4.975)
""2021-03-10 13:50:43 INFO  s.t.R.RestApiProjectApplication - Starting RestApiProjectApplication using Java 11.0.10 on DESKTOP-F4UDU2U with PID 12828 (C:\Users\Stefan\Desktop\Project\Rest-API-Project\Rest-API-Project\target\classes started by Stefan in C:\Users\Stefan\Desktop\Project\Rest-API-Project\Rest-API-Project)
""2021-03-10 13:50:43 INFO  s.t.R.RestApiProjectApplication - No active profile set, falling back to default profiles: default
""2021-03-10 13:50:43 INFO  o.s.d.r.c.RepositoryConfigurationDelegate - Bootstrapping Spring Data JPA repositories in DEFAULT mode.
""2021-03-10 13:50:43 INFO  o.s.d.r.c.RepositoryConfigurationDelegate - Finished Spring Data repository scanning in 51 ms. Found 3 JPA repository interfaces.
""2021-03-10 13:50:44 INFO  o.s.b.w.e.tomcat.TomcatWebServer - Tomcat initialized with port(s): 8080 (http)
""2021-03-10 13:50:44 INFO  o.a.catalina.core.StandardService - Starting service [Tomcat]
""2021-03-10 13:50:44 INFO  o.a.catalina.core.StandardEngine - Starting Servlet engine: [Apache Tomcat/9.0.43]
""2021-03-10 13:50:44 INFO  o.a.c.c.C.[Tomcat].[localhost].[/] - Initializing Spring embedded WebApplicationContext
""2021-03-10 13:50:44 INFO  o.s.b.w.s.c.ServletWebServerApplicationContext - Root WebApplicationContext: initialization completed in 1512 ms
""2021-03-10 13:50:44 INFO  o.h.jpa.internal.util.LogHelper - HHH000204: Processing PersistenceUnitInfo [
	name: default
	...]
""2021-03-10 13:50:44 INFO  org.hibernate.Version - HHH000412: Hibernate Core {5.4.0.Final}
""2021-03-10 13:50:45 INFO  org.hibernate.cfg.Environment - HHH000206: hibernate.properties not found
""2021-03-10 13:50:45 INFO  o.h.annotations.common.Version - HCANN000001: Hibernate Commons Annotations {5.1.0.Final}
""2021-03-10 13:50:45 INFO  com.zaxxer.hikari.HikariDataSource - HikariPool-1 - Starting...
""2021-03-10 13:50:45 INFO  com.zaxxer.hikari.HikariDataSource - HikariPool-1 - Start completed.
""2021-03-10 13:50:45 INFO  org.hibernate.dialect.Dialect - HHH000400: Using dialect: org.hibernate.dialect.MySQL5Dialect
""2021-03-10 13:50:46 INFO  o.h.e.t.j.p.i.JtaPlatformInitiator - HHH000490: Using JtaPlatform implementation: [org.hibernate.engine.transaction.jta.platform.internal.NoJtaPlatform]
""2021-03-10 13:50:46 INFO  o.s.o.j.LocalContainerEntityManagerFactoryBean - Initialized JPA EntityManagerFactory for persistence unit 'default'
""2021-03-10 13:50:46 WARN  o.s.b.a.o.j.JpaBaseConfiguration$JpaWebConfiguration - spring.jpa.open-in-view is enabled by default. Therefore, database queries may be performed during view rendering. Explicitly configure spring.jpa.open-in-view to disable this warning
""2021-03-10 13:50:46 INFO  o.s.s.c.ThreadPoolTaskExecutor - Initializing ExecutorService 'applicationTaskExecutor'
""2021-03-10 13:50:47 INFO  o.s.b.w.e.tomcat.TomcatWebServer - Tomcat started on port(s): 8080 (http) with context path ''
""2021-03-10 13:50:47 INFO  s.t.R.RestApiProjectApplication - Started RestApiProjectApplication in 4.247 seconds (JVM running for 4.654)
""2021-03-10 13:50:48 INFO  o.a.c.c.C.[Tomcat].[localhost].[/] - Initializing Spring DispatcherServlet 'dispatcherServlet'
""2021-03-10 13:50:48 INFO  o.s.web.servlet.DispatcherServlet - Initializing Servlet 'dispatcherServlet'
""2021-03-10 13:50:48 INFO  o.s.web.servlet.DispatcherServlet - Completed initialization in 1 ms
""2021-03-10 13:50:48 INFO  s.t.R.controller.CategoryController - Fetching category by Id.
""2021-03-10 13:50:48 INFO  o.h.h.i.QueryTranslatorFactoryInitiator - HHH000397: Using ASTQueryTranslatorFactory
"